This file contains any messages produced by compilers while
running configure, to aid debugging if configure makes a mistake.

It was created by Easel configure 0.2.snap20130225, which was
generated by GNU Autoconf 2.63.  Invocation command line was

  $ ./configure --enable-debugging --prefix=/home/cts/local/ncmsa/easel

## --------- ##
## Platform. ##
## --------- ##

hostname = ocean.gps.caltech.edu
uname -m = x86_64
uname -r = 2.6.32-573.3.1.el6.x86_64
uname -s = Linux
uname -v = #1 SMP Mon Aug 10 09:44:54 EDT 2015

/usr/bin/uname -p = unknown
/bin/uname -X     = unknown

/bin/arch              = x86_64
/usr/bin/arch -k       = unknown
/usr/convex/getsysinfo = unknown
/usr/bin/hostinfo      = unknown
/bin/machine           = unknown
/usr/bin/oslevel       = unknown
/bin/universe          = unknown

PATH: /home/orphanlab/arb-6.0.2/bin
PATH: /opt/qiime/1.8.0/python-2.7.3-release/bin
PATH: /home/cts/local/sbin/
PATH: /home/cts/local/scripts/crispr_evolution
PATH: /home/cts/local/scripts/java_wrappers/picard
PATH: /home/cts/local/scripts/keggVIZ
PATH: /home/cts/local/scripts/MetaChecka2000
PATH: /home/cts/local/scripts/mikezbioscripts/meta_barcode
PATH: /home/cts/local/scripts/mikezbioscripts/map_plot_pipe
PATH: /home/cts/local/bin
PATH: /home/cts/local/scripts/scriptShed/ESOM
PATH: /home/cts/local/scripts/scriptShed
PATH: /home/cts/local/scripts
PATH: /opt/intel/composerxe-2011.4.191/bin/intel64
PATH: /usr/lib64/qt-3.3/bin
PATH: /opt/intel/composerxe-2011.4.191/bin/intel64
PATH: /usr/local/bin
PATH: /bin
PATH: /usr/bin
PATH: /opt/mathematica/bin
PATH: /opt/matlab/bin
PATH: /opt/mbsystem/bin
PATH: /opt/intel/composerxe-2011.4.191/mpirt/bin/intel64
PATH: /opt/passcal/bin
PATH: /opt/passcal/other/bin
PATH: /opt/sac/bin
PATH: /opt/local/seismo-util/bin
PATH: /opt/smrtanalysis/smrtcmds/bin
PATH: /opt/dell/srvadmin/bin
PATH: /usr/local/sbin
PATH: /usr/sbin
PATH: /sbin
PATH: /opt/mbsystem/bin
PATH: /opt/intel/composerxe-2011.4.191/mpirt/bin/intel64
PATH: /opt/passcal/bin
PATH: /opt/passcal/other/bin
PATH: /opt/sac/bin
PATH: /home/cts/local/go/bin
PATH: /home/cts/local/gocode/bin
PATH: /home/cts/.rvm/bin


## ----------- ##
## Core tests. ##
## ----------- ##

configure:1856: Configuring the Easel library for your system.
configure:1947: checking build system type
configure:1965: result: x86_64-unknown-linux-gnu
configure:1987: checking host system type
configure:2002: result: x86_64-unknown-linux-gnu
configure:2045: Compiling the full Easel library, with all augmentations.
configure:2225: checking for gcc
configure:2241: found /usr/bin/gcc
configure:2252: result: gcc
configure:2484: checking for C compiler version
configure:2492: gcc --version >&5
gcc (GCC) 4.4.7 20120313 (Red Hat 4.4.7-11)
Copyright (C) 2010 Free Software Foundation, Inc.
This is free software; see the source for copying conditions.  There is NO
warranty; not even for MERCHANTABILITY or FITNESS FOR A PARTICULAR PURPOSE.

configure:2496: $? = 0
configure:2503: gcc -v >&5
Using built-in specs.
Target: x86_64-redhat-linux
Configured with: ../configure --prefix=/usr --mandir=/usr/share/man --infodir=/usr/share/info --with-bugurl=http://bugzilla.redhat.com/bugzilla --enable-bootstrap --enable-shared --enable-threads=posix --enable-checking=release --with-system-zlib --enable-__cxa_atexit --disable-libunwind-exceptions --enable-gnu-unique-object --enable-languages=c,c++,objc,obj-c++,java,fortran,ada --enable-java-awt=gtk --disable-dssi --with-java-home=/usr/lib/jvm/java-1.5.0-gcj-1.5.0.0/jre --enable-libgcj-multifile --enable-java-maintainer-mode --with-ecj-jar=/usr/share/java/eclipse-ecj.jar --disable-libjava-multilib --with-ppl --with-cloog --with-tune=generic --with-arch_32=i686 --build=x86_64-redhat-linux
Thread model: posix
gcc version 4.4.7 20120313 (Red Hat 4.4.7-11) (GCC) 
configure:2507: $? = 0
configure:2514: gcc -V >&5
gcc: '-V' option must have argument
configure:2518: $? = 1
configure:2541: checking for C compiler default output file name
configure:2563: gcc    conftest.c  >&5
configure:2567: $? = 0
configure:2605: result: a.out
configure:2624: checking whether the C compiler works
configure:2634: ./a.out
configure:2638: $? = 0
configure:2657: result: yes
configure:2664: checking whether we are cross compiling
configure:2666: result: no
configure:2669: checking for suffix of executables
configure:2676: gcc -o conftest    conftest.c  >&5
configure:2680: $? = 0
configure:2706: result: 
configure:2712: checking for suffix of object files
configure:2738: gcc -c   conftest.c >&5
configure:2742: $? = 0
configure:2767: result: o
configure:2771: checking whether we are using the GNU C compiler
configure:2800: gcc -c   conftest.c >&5
configure:2807: $? = 0
configure:2824: result: yes
configure:2833: checking whether gcc accepts -g
configure:2863: gcc -c -g  conftest.c >&5
configure:2870: $? = 0
configure:2971: result: yes
configure:2988: checking for gcc option to accept ISO C89
configure:3062: gcc  -c -g -O2  conftest.c >&5
configure:3069: $? = 0
configure:3092: result: none needed
configure:3307: checking for the pthreads library -lpthreads
configure:3350: gcc -o conftest -g -O2    conftest.c -lpthreads  >&5
/usr/bin/ld: cannot find -lpthreads
collect2: ld returned 1 exit status
configure:3357: $? = 1
configure: failed program was:
| /* confdefs.h.  */
| #define PACKAGE_NAME "Easel"
| #define PACKAGE_TARNAME "easel"
| #define PACKAGE_VERSION "0.2.snap20130225"
| #define PACKAGE_STRING "Easel 0.2.snap20130225"
| #define PACKAGE_BUGREPORT "eddys@janelia.hhmi.org"
| #define EASEL_DATE "February 2013"
| #define EASEL_COPYRIGHT "Copyright (C) 2008 Howard Hughes Medical Institute"
| #define EASEL_LICENSE "Freely distributed under the Janelia Farm Software License."
| #define EASEL_VERSION "0.2.snap20130225"
| #define eslAUGMENT_ALPHABET 1
| #define eslAUGMENT_NCBI 1
| #define eslAUGMENT_DMATRIX 1
| #define eslAUGMENT_FILEPARSER 1
| #define eslAUGMENT_GEV 1
| #define eslAUGMENT_GUMBEL 1
| #define eslAUGMENT_HISTOGRAM 1
| #define eslAUGMENT_KEYHASH 1
| #define eslAUGMENT_MINIMIZER 1
| #define eslAUGMENT_MSA 1
| #define eslAUGMENT_RANDOM 1
| #define eslAUGMENT_SSI 1
| #define eslAUGMENT_STATS 1
| #define eslLIBRARY 1
| #define eslDEBUGLEVEL 1
| /* end confdefs.h.  */
| #include <pthread.h>
| int
| main ()
| {
| pthread_t th; pthread_join(th, 0);
|                      pthread_attr_init(0); pthread_cleanup_push(0, 0);
|                      pthread_create(0,0,0,0); pthread_cleanup_pop(0);
|   ;
|   return 0;
| }
configure:3380: result: no
configure:3252: checking whether pthreads work without any flags
configure:3350: gcc -o conftest -g -O2    conftest.c   >&5
/export/data1/tmp//ccBtlhCz.o: In function `main':
/home/cts/local/ncmsa/easel/conftest.c:31: undefined reference to `pthread_join'
/home/cts/local/ncmsa/easel/conftest.c:32: undefined reference to `__pthread_register_cancel'
/home/cts/local/ncmsa/easel/conftest.c:33: undefined reference to `pthread_create'
/home/cts/local/ncmsa/easel/conftest.c:33: undefined reference to `__pthread_unregister_cancel'
collect2: ld returned 1 exit status
configure:3357: $? = 1
configure: failed program was:
| /* confdefs.h.  */
| #define PACKAGE_NAME "Easel"
| #define PACKAGE_TARNAME "easel"
| #define PACKAGE_VERSION "0.2.snap20130225"
| #define PACKAGE_STRING "Easel 0.2.snap20130225"
| #define PACKAGE_BUGREPORT "eddys@janelia.hhmi.org"
| #define EASEL_DATE "February 2013"
| #define EASEL_COPYRIGHT "Copyright (C) 2008 Howard Hughes Medical Institute"
| #define EASEL_LICENSE "Freely distributed under the Janelia Farm Software License."
| #define EASEL_VERSION "0.2.snap20130225"
| #define eslAUGMENT_ALPHABET 1
| #define eslAUGMENT_NCBI 1
| #define eslAUGMENT_DMATRIX 1
| #define eslAUGMENT_FILEPARSER 1
| #define eslAUGMENT_GEV 1
| #define eslAUGMENT_GUMBEL 1
| #define eslAUGMENT_HISTOGRAM 1
| #define eslAUGMENT_KEYHASH 1
| #define eslAUGMENT_MINIMIZER 1
| #define eslAUGMENT_MSA 1
| #define eslAUGMENT_RANDOM 1
| #define eslAUGMENT_SSI 1
| #define eslAUGMENT_STATS 1
| #define eslLIBRARY 1
| #define eslDEBUGLEVEL 1
| /* end confdefs.h.  */
| #include <pthread.h>
| int
| main ()
| {
| pthread_t th; pthread_join(th, 0);
|                      pthread_attr_init(0); pthread_cleanup_push(0, 0);
|                      pthread_create(0,0,0,0); pthread_cleanup_pop(0);
|   ;
|   return 0;
| }
configure:3380: result: no
configure:3257: checking whether pthreads work with -Kthread
configure:3350: gcc -o conftest -g -O2 -Kthread   conftest.c   >&5
gcc: unrecognized option '-Kthread'
/export/data1/tmp//cc6MTl2G.o: In function `main':
/home/cts/local/ncmsa/easel/conftest.c:31: undefined reference to `pthread_join'
/home/cts/local/ncmsa/easel/conftest.c:32: undefined reference to `__pthread_register_cancel'
/home/cts/local/ncmsa/easel/conftest.c:33: undefined reference to `pthread_create'
/home/cts/local/ncmsa/easel/conftest.c:33: undefined reference to `__pthread_unregister_cancel'
collect2: ld returned 1 exit status
configure:3357: $? = 1
configure: failed program was:
| /* confdefs.h.  */
| #define PACKAGE_NAME "Easel"
| #define PACKAGE_TARNAME "easel"
| #define PACKAGE_VERSION "0.2.snap20130225"
| #define PACKAGE_STRING "Easel 0.2.snap20130225"
| #define PACKAGE_BUGREPORT "eddys@janelia.hhmi.org"
| #define EASEL_DATE "February 2013"
| #define EASEL_COPYRIGHT "Copyright (C) 2008 Howard Hughes Medical Institute"
| #define EASEL_LICENSE "Freely distributed under the Janelia Farm Software License."
| #define EASEL_VERSION "0.2.snap20130225"
| #define eslAUGMENT_ALPHABET 1
| #define eslAUGMENT_NCBI 1
| #define eslAUGMENT_DMATRIX 1
| #define eslAUGMENT_FILEPARSER 1
| #define eslAUGMENT_GEV 1
| #define eslAUGMENT_GUMBEL 1
| #define eslAUGMENT_HISTOGRAM 1
| #define eslAUGMENT_KEYHASH 1
| #define eslAUGMENT_MINIMIZER 1
| #define eslAUGMENT_MSA 1
| #define eslAUGMENT_RANDOM 1
| #define eslAUGMENT_SSI 1
| #define eslAUGMENT_STATS 1
| #define eslLIBRARY 1
| #define eslDEBUGLEVEL 1
| /* end confdefs.h.  */
| #include <pthread.h>
| int
| main ()
| {
| pthread_t th; pthread_join(th, 0);
|                      pthread_attr_init(0); pthread_cleanup_push(0, 0);
|                      pthread_create(0,0,0,0); pthread_cleanup_pop(0);
|   ;
|   return 0;
| }
configure:3380: result: no
configure:3257: checking whether pthreads work with -kthread
configure:3350: gcc -o conftest -g -O2 -kthread   conftest.c   >&5
gcc: unrecognized option '-kthread'
/export/data1/tmp//cciasW8R.o: In function `main':
/home/cts/local/ncmsa/easel/conftest.c:31: undefined reference to `pthread_join'
/home/cts/local/ncmsa/easel/conftest.c:32: undefined reference to `__pthread_register_cancel'
/home/cts/local/ncmsa/easel/conftest.c:33: undefined reference to `pthread_create'
/home/cts/local/ncmsa/easel/conftest.c:33: undefined reference to `__pthread_unregister_cancel'
collect2: ld returned 1 exit status
configure:3357: $? = 1
configure: failed program was:
| /* confdefs.h.  */
| #define PACKAGE_NAME "Easel"
| #define PACKAGE_TARNAME "easel"
| #define PACKAGE_VERSION "0.2.snap20130225"
| #define PACKAGE_STRING "Easel 0.2.snap20130225"
| #define PACKAGE_BUGREPORT "eddys@janelia.hhmi.org"
| #define EASEL_DATE "February 2013"
| #define EASEL_COPYRIGHT "Copyright (C) 2008 Howard Hughes Medical Institute"
| #define EASEL_LICENSE "Freely distributed under the Janelia Farm Software License."
| #define EASEL_VERSION "0.2.snap20130225"
| #define eslAUGMENT_ALPHABET 1
| #define eslAUGMENT_NCBI 1
| #define eslAUGMENT_DMATRIX 1
| #define eslAUGMENT_FILEPARSER 1
| #define eslAUGMENT_GEV 1
| #define eslAUGMENT_GUMBEL 1
| #define eslAUGMENT_HISTOGRAM 1
| #define eslAUGMENT_KEYHASH 1
| #define eslAUGMENT_MINIMIZER 1
| #define eslAUGMENT_MSA 1
| #define eslAUGMENT_RANDOM 1
| #define eslAUGMENT_SSI 1
| #define eslAUGMENT_STATS 1
| #define eslLIBRARY 1
| #define eslDEBUGLEVEL 1
| /* end confdefs.h.  */
| #include <pthread.h>
| int
| main ()
| {
| pthread_t th; pthread_join(th, 0);
|                      pthread_attr_init(0); pthread_cleanup_push(0, 0);
|                      pthread_create(0,0,0,0); pthread_cleanup_pop(0);
|   ;
|   return 0;
| }
configure:3380: result: no
configure:3307: checking for the pthreads library -llthread
configure:3350: gcc -o conftest -g -O2    conftest.c -llthread  >&5
/usr/bin/ld: cannot find -llthread
collect2: ld returned 1 exit status
configure:3357: $? = 1
configure: failed program was:
| /* confdefs.h.  */
| #define PACKAGE_NAME "Easel"
| #define PACKAGE_TARNAME "easel"
| #define PACKAGE_VERSION "0.2.snap20130225"
| #define PACKAGE_STRING "Easel 0.2.snap20130225"
| #define PACKAGE_BUGREPORT "eddys@janelia.hhmi.org"
| #define EASEL_DATE "February 2013"
| #define EASEL_COPYRIGHT "Copyright (C) 2008 Howard Hughes Medical Institute"
| #define EASEL_LICENSE "Freely distributed under the Janelia Farm Software License."
| #define EASEL_VERSION "0.2.snap20130225"
| #define eslAUGMENT_ALPHABET 1
| #define eslAUGMENT_NCBI 1
| #define eslAUGMENT_DMATRIX 1
| #define eslAUGMENT_FILEPARSER 1
| #define eslAUGMENT_GEV 1
| #define eslAUGMENT_GUMBEL 1
| #define eslAUGMENT_HISTOGRAM 1
| #define eslAUGMENT_KEYHASH 1
| #define eslAUGMENT_MINIMIZER 1
| #define eslAUGMENT_MSA 1
| #define eslAUGMENT_RANDOM 1
| #define eslAUGMENT_SSI 1
| #define eslAUGMENT_STATS 1
| #define eslLIBRARY 1
| #define eslDEBUGLEVEL 1
| /* end confdefs.h.  */
| #include <pthread.h>
| int
| main ()
| {
| pthread_t th; pthread_join(th, 0);
|                      pthread_attr_init(0); pthread_cleanup_push(0, 0);
|                      pthread_create(0,0,0,0); pthread_cleanup_pop(0);
|   ;
|   return 0;
| }
configure:3380: result: no
configure:3257: checking whether pthreads work with -pthread
configure:3350: gcc -o conftest -g -O2 -pthread   conftest.c   >&5
configure:3357: $? = 0
configure:3380: result: yes
configure:3400: checking for joinable pthread attribute
configure:3423: gcc -o conftest -g -O2 -pthread   conftest.c   >&5
configure:3430: $? = 0
configure:3505: result: PTHREAD_CREATE_JOINABLE
configure:3512: checking if more special flags are required for pthreads
configure:3522: result: no
configure:3534: checking for cc_r
configure:3562: result: gcc
configure:3700: checking for gcc
configure:3727: result: gcc
configure:3959: checking for C compiler version
configure:3967: gcc --version >&5
gcc (GCC) 4.4.7 20120313 (Red Hat 4.4.7-11)
Copyright (C) 2010 Free Software Foundation, Inc.
This is free software; see the source for copying conditions.  There is NO
warranty; not even for MERCHANTABILITY or FITNESS FOR A PARTICULAR PURPOSE.

configure:3971: $? = 0
configure:3978: gcc -v >&5
Using built-in specs.
Target: x86_64-redhat-linux
Configured with: ../configure --prefix=/usr --mandir=/usr/share/man --infodir=/usr/share/info --with-bugurl=http://bugzilla.redhat.com/bugzilla --enable-bootstrap --enable-shared --enable-threads=posix --enable-checking=release --with-system-zlib --enable-__cxa_atexit --disable-libunwind-exceptions --enable-gnu-unique-object --enable-languages=c,c++,objc,obj-c++,java,fortran,ada --enable-java-awt=gtk --disable-dssi --with-java-home=/usr/lib/jvm/java-1.5.0-gcj-1.5.0.0/jre --enable-libgcj-multifile --enable-java-maintainer-mode --with-ecj-jar=/usr/share/java/eclipse-ecj.jar --disable-libjava-multilib --with-ppl --with-cloog --with-tune=generic --with-arch_32=i686 --build=x86_64-redhat-linux
Thread model: posix
gcc version 4.4.7 20120313 (Red Hat 4.4.7-11) (GCC) 
configure:3982: $? = 0
configure:3989: gcc -V >&5
gcc: '-V' option must have argument
configure:3993: $? = 1
configure:3996: checking whether we are using the GNU C compiler
configure:4049: result: yes
configure:4058: checking whether gcc accepts -g
configure:4196: result: yes
configure:4213: checking for gcc option to accept ISO C89
configure:4317: result: none needed
configure:4349: checking for a BSD-compatible install
configure:4417: result: /usr/bin/install -c
configure:4794: checking how to run the C preprocessor
configure:4834: gcc -E  conftest.c
configure:4841: $? = 0
configure:4872: gcc -E  conftest.c
conftest.c:28:28: error: ac_nonexistent.h: No such file or directory
configure:4879: $? = 1
configure: failed program was:
| /* confdefs.h.  */
| #define PACKAGE_NAME "Easel"
| #define PACKAGE_TARNAME "easel"
| #define PACKAGE_VERSION "0.2.snap20130225"
| #define PACKAGE_STRING "Easel 0.2.snap20130225"
| #define PACKAGE_BUGREPORT "eddys@janelia.hhmi.org"
| #define EASEL_DATE "February 2013"
| #define EASEL_COPYRIGHT "Copyright (C) 2008 Howard Hughes Medical Institute"
| #define EASEL_LICENSE "Freely distributed under the Janelia Farm Software License."
| #define EASEL_VERSION "0.2.snap20130225"
| #define eslAUGMENT_ALPHABET 1
| #define eslAUGMENT_NCBI 1
| #define eslAUGMENT_DMATRIX 1
| #define eslAUGMENT_FILEPARSER 1
| #define eslAUGMENT_GEV 1
| #define eslAUGMENT_GUMBEL 1
| #define eslAUGMENT_HISTOGRAM 1
| #define eslAUGMENT_KEYHASH 1
| #define eslAUGMENT_MINIMIZER 1
| #define eslAUGMENT_MSA 1
| #define eslAUGMENT_RANDOM 1
| #define eslAUGMENT_SSI 1
| #define eslAUGMENT_STATS 1
| #define eslLIBRARY 1
| #define eslDEBUGLEVEL 1
| #define HAVE_PTHREAD 1
| /* end confdefs.h.  */
| #include <ac_nonexistent.h>
configure:4912: result: gcc -E
configure:4941: gcc -E  conftest.c
configure:4948: $? = 0
configure:4979: gcc -E  conftest.c
conftest.c:28:28: error: ac_nonexistent.h: No such file or directory
configure:4986: $? = 1
configure: failed program was:
| /* confdefs.h.  */
| #define PACKAGE_NAME "Easel"
| #define PACKAGE_TARNAME "easel"
| #define PACKAGE_VERSION "0.2.snap20130225"
| #define PACKAGE_STRING "Easel 0.2.snap20130225"
| #define PACKAGE_BUGREPORT "eddys@janelia.hhmi.org"
| #define EASEL_DATE "February 2013"
| #define EASEL_COPYRIGHT "Copyright (C) 2008 Howard Hughes Medical Institute"
| #define EASEL_LICENSE "Freely distributed under the Janelia Farm Software License."
| #define EASEL_VERSION "0.2.snap20130225"
| #define eslAUGMENT_ALPHABET 1
| #define eslAUGMENT_NCBI 1
| #define eslAUGMENT_DMATRIX 1
| #define eslAUGMENT_FILEPARSER 1
| #define eslAUGMENT_GEV 1
| #define eslAUGMENT_GUMBEL 1
| #define eslAUGMENT_HISTOGRAM 1
| #define eslAUGMENT_KEYHASH 1
| #define eslAUGMENT_MINIMIZER 1
| #define eslAUGMENT_MSA 1
| #define eslAUGMENT_RANDOM 1
| #define eslAUGMENT_SSI 1
| #define eslAUGMENT_STATS 1
| #define eslLIBRARY 1
| #define eslDEBUGLEVEL 1
| #define HAVE_PTHREAD 1
| /* end confdefs.h.  */
| #include <ac_nonexistent.h>
configure:5026: checking for C compiler vendor
configure:5060: gcc -c -g -O2  conftest.c >&5
conftest.c: In function 'main':
conftest.c:34: error: 'thisisanerror' undeclared (first use in this function)
conftest.c:34: error: (Each undeclared identifier is reported only once
conftest.c:34: error: for each function it appears in.)
configure:5067: $? = 1
configure: failed program was:
| /* confdefs.h.  */
| #define PACKAGE_NAME "Easel"
| #define PACKAGE_TARNAME "easel"
| #define PACKAGE_VERSION "0.2.snap20130225"
| #define PACKAGE_STRING "Easel 0.2.snap20130225"
| #define PACKAGE_BUGREPORT "eddys@janelia.hhmi.org"
| #define EASEL_DATE "February 2013"
| #define EASEL_COPYRIGHT "Copyright (C) 2008 Howard Hughes Medical Institute"
| #define EASEL_LICENSE "Freely distributed under the Janelia Farm Software License."
| #define EASEL_VERSION "0.2.snap20130225"
| #define eslAUGMENT_ALPHABET 1
| #define eslAUGMENT_NCBI 1
| #define eslAUGMENT_DMATRIX 1
| #define eslAUGMENT_FILEPARSER 1
| #define eslAUGMENT_GEV 1
| #define eslAUGMENT_GUMBEL 1
| #define eslAUGMENT_HISTOGRAM 1
| #define eslAUGMENT_KEYHASH 1
| #define eslAUGMENT_MINIMIZER 1
| #define eslAUGMENT_MSA 1
| #define eslAUGMENT_RANDOM 1
| #define eslAUGMENT_SSI 1
| #define eslAUGMENT_STATS 1
| #define eslLIBRARY 1
| #define eslDEBUGLEVEL 1
| #define HAVE_PTHREAD 1
| /* end confdefs.h.  */
| 
| int
| main ()
| {
| 
| #if !(defined(__ICC) || defined(__ECC) || defined(__INTEL_COMPILER))
|       thisisanerror;
| #endif
| 
|   ;
|   return 0;
| }
configure:5060: gcc -c -g -O2  conftest.c >&5
conftest.c: In function 'main':
conftest.c:34: error: 'thisisanerror' undeclared (first use in this function)
conftest.c:34: error: (Each undeclared identifier is reported only once
conftest.c:34: error: for each function it appears in.)
configure:5067: $? = 1
configure: failed program was:
| /* confdefs.h.  */
| #define PACKAGE_NAME "Easel"
| #define PACKAGE_TARNAME "easel"
| #define PACKAGE_VERSION "0.2.snap20130225"
| #define PACKAGE_STRING "Easel 0.2.snap20130225"
| #define PACKAGE_BUGREPORT "eddys@janelia.hhmi.org"
| #define EASEL_DATE "February 2013"
| #define EASEL_COPYRIGHT "Copyright (C) 2008 Howard Hughes Medical Institute"
| #define EASEL_LICENSE "Freely distributed under the Janelia Farm Software License."
| #define EASEL_VERSION "0.2.snap20130225"
| #define eslAUGMENT_ALPHABET 1
| #define eslAUGMENT_NCBI 1
| #define eslAUGMENT_DMATRIX 1
| #define eslAUGMENT_FILEPARSER 1
| #define eslAUGMENT_GEV 1
| #define eslAUGMENT_GUMBEL 1
| #define eslAUGMENT_HISTOGRAM 1
| #define eslAUGMENT_KEYHASH 1
| #define eslAUGMENT_MINIMIZER 1
| #define eslAUGMENT_MSA 1
| #define eslAUGMENT_RANDOM 1
| #define eslAUGMENT_SSI 1
| #define eslAUGMENT_STATS 1
| #define eslLIBRARY 1
| #define eslDEBUGLEVEL 1
| #define HAVE_PTHREAD 1
| /* end confdefs.h.  */
| 
| int
| main ()
| {
| 
| #if !(defined(__xlc__) || defined(__xlC__) || defined(__IBMC__) || defined(__IBMCPP__))
|       thisisanerror;
| #endif
| 
|   ;
|   return 0;
| }
configure:5060: gcc -c -g -O2  conftest.c >&5
conftest.c: In function 'main':
conftest.c:34: error: 'thisisanerror' undeclared (first use in this function)
conftest.c:34: error: (Each undeclared identifier is reported only once
conftest.c:34: error: for each function it appears in.)
configure:5067: $? = 1
configure: failed program was:
| /* confdefs.h.  */
| #define PACKAGE_NAME "Easel"
| #define PACKAGE_TARNAME "easel"
| #define PACKAGE_VERSION "0.2.snap20130225"
| #define PACKAGE_STRING "Easel 0.2.snap20130225"
| #define PACKAGE_BUGREPORT "eddys@janelia.hhmi.org"
| #define EASEL_DATE "February 2013"
| #define EASEL_COPYRIGHT "Copyright (C) 2008 Howard Hughes Medical Institute"
| #define EASEL_LICENSE "Freely distributed under the Janelia Farm Software License."
| #define EASEL_VERSION "0.2.snap20130225"
| #define eslAUGMENT_ALPHABET 1
| #define eslAUGMENT_NCBI 1
| #define eslAUGMENT_DMATRIX 1
| #define eslAUGMENT_FILEPARSER 1
| #define eslAUGMENT_GEV 1
| #define eslAUGMENT_GUMBEL 1
| #define eslAUGMENT_HISTOGRAM 1
| #define eslAUGMENT_KEYHASH 1
| #define eslAUGMENT_MINIMIZER 1
| #define eslAUGMENT_MSA 1
| #define eslAUGMENT_RANDOM 1
| #define eslAUGMENT_SSI 1
| #define eslAUGMENT_STATS 1
| #define eslLIBRARY 1
| #define eslDEBUGLEVEL 1
| #define HAVE_PTHREAD 1
| /* end confdefs.h.  */
| 
| int
| main ()
| {
| 
| #if !(defined(__PATHCC__) || defined(__PATHSCALE__))
|       thisisanerror;
| #endif
| 
|   ;
|   return 0;
| }
configure:5060: gcc -c -g -O2  conftest.c >&5
configure:5067: $? = 0
configure:5084: result: gnu
configure:5091: checking for gcc option to accept ISO C99
configure:5250: gcc  -c -g -O2  conftest.c >&5
conftest.c:78: error: expected ';', ',' or ')' before 'text'
conftest.c: In function 'main':
conftest.c:132: error: expected '=', ',', ';', 'asm' or '__attribute__' before 'newvar'
conftest.c:132: error: 'newvar' undeclared (first use in this function)
conftest.c:132: error: (Each undeclared identifier is reported only once
conftest.c:132: error: for each function it appears in.)
conftest.c:142: error: 'for' loop initial declarations are only allowed in C99 mode
conftest.c:142: note: use option -std=c99 or -std=gnu99 to compile your code
configure:5257: $? = 1
configure: failed program was:
| /* confdefs.h.  */
| #define PACKAGE_NAME "Easel"
| #define PACKAGE_TARNAME "easel"
| #define PACKAGE_VERSION "0.2.snap20130225"
| #define PACKAGE_STRING "Easel 0.2.snap20130225"
| #define PACKAGE_BUGREPORT "eddys@janelia.hhmi.org"
| #define EASEL_DATE "February 2013"
| #define EASEL_COPYRIGHT "Copyright (C) 2008 Howard Hughes Medical Institute"
| #define EASEL_LICENSE "Freely distributed under the Janelia Farm Software License."
| #define EASEL_VERSION "0.2.snap20130225"
| #define eslAUGMENT_ALPHABET 1
| #define eslAUGMENT_NCBI 1
| #define eslAUGMENT_DMATRIX 1
| #define eslAUGMENT_FILEPARSER 1
| #define eslAUGMENT_GEV 1
| #define eslAUGMENT_GUMBEL 1
| #define eslAUGMENT_HISTOGRAM 1
| #define eslAUGMENT_KEYHASH 1
| #define eslAUGMENT_MINIMIZER 1
| #define eslAUGMENT_MSA 1
| #define eslAUGMENT_RANDOM 1
| #define eslAUGMENT_SSI 1
| #define eslAUGMENT_STATS 1
| #define eslLIBRARY 1
| #define eslDEBUGLEVEL 1
| #define HAVE_PTHREAD 1
| /* end confdefs.h.  */
| #include <stdarg.h>
| #include <stdbool.h>
| #include <stdlib.h>
| #include <wchar.h>
| #include <stdio.h>
| 
| // Check varargs macros.  These examples are taken from C99 6.10.3.5.
| #define debug(...) fprintf (stderr, __VA_ARGS__)
| #define showlist(...) puts (#__VA_ARGS__)
| #define report(test,...) ((test) ? puts (#test) : printf (__VA_ARGS__))
| static void
| test_varargs_macros (void)
| {
|   int x = 1234;
|   int y = 5678;
|   debug ("Flag");
|   debug ("X = %d\n", x);
|   showlist (The first, second, and third items.);
|   report (x>y, "x is %d but y is %d", x, y);
| }
| 
| // Check long long types.
| #define BIG64 18446744073709551615ull
| #define BIG32 4294967295ul
| #define BIG_OK (BIG64 / BIG32 == 4294967297ull && BIG64 % BIG32 == 0)
| #if !BIG_OK
|   your preprocessor is broken;
| #endif
| #if BIG_OK
| #else
|   your preprocessor is broken;
| #endif
| static long long int bignum = -9223372036854775807LL;
| static unsigned long long int ubignum = BIG64;
| 
| struct incomplete_array
| {
|   int datasize;
|   double data[];
| };
| 
| struct named_init {
|   int number;
|   const wchar_t *name;
|   double average;
| };
| 
| typedef const char *ccp;
| 
| static inline int
| test_restrict (ccp restrict text)
| {
|   // See if C++-style comments work.
|   // Iterate through items via the restricted pointer.
|   // Also check for declarations in for loops.
|   for (unsigned int i = 0; *(text+i) != '\0'; ++i)
|     continue;
|   return 0;
| }
| 
| // Check varargs and va_copy.
| static void
| test_varargs (const char *format, ...)
| {
|   va_list args;
|   va_start (args, format);
|   va_list args_copy;
|   va_copy (args_copy, args);
| 
|   const char *str;
|   int number;
|   float fnumber;
| 
|   while (*format)
|     {
|       switch (*format++)
| 	{
| 	case 's': // string
| 	  str = va_arg (args_copy, const char *);
| 	  break;
| 	case 'd': // int
| 	  number = va_arg (args_copy, int);
| 	  break;
| 	case 'f': // float
| 	  fnumber = va_arg (args_copy, double);
| 	  break;
| 	default:
| 	  break;
| 	}
|     }
|   va_end (args_copy);
|   va_end (args);
| }
| 
| int
| main ()
| {
| 
|   // Check bool.
|   _Bool success = false;
| 
|   // Check restrict.
|   if (test_restrict ("String literal") == 0)
|     success = true;
|   char *restrict newvar = "Another string";
| 
|   // Check varargs.
|   test_varargs ("s, d' f .", "string", 65, 34.234);
|   test_varargs_macros ();
| 
|   // Check flexible array members.
|   struct incomplete_array *ia =
|     malloc (sizeof (struct incomplete_array) + (sizeof (double) * 10));
|   ia->datasize = 10;
|   for (int i = 0; i < ia->datasize; ++i)
|     ia->data[i] = i * 1.234;
| 
|   // Check named initializers.
|   struct named_init ni = {
|     .number = 34,
|     .name = L"Test wide string",
|     .average = 543.34343,
|   };
| 
|   ni.number = 58;
| 
|   int dynamic_array[ni.number];
|   dynamic_array[ni.number - 1] = 543;
| 
|   // work around unused variable warnings
|   return (!success || bignum == 0LL || ubignum == 0uLL || newvar[0] == 'x'
| 	  || dynamic_array[ni.number - 1] != 543);
| 
|   ;
|   return 0;
| }
configure:5250: gcc -std=gnu99 -c -g -O2  conftest.c >&5
configure:5257: $? = 0
configure:5287: result: -std=gnu99
configure:5418: checking for gcc -std=gnu99 option to accept ISO Standard C
configure:5429: result: -std=gnu99
configure:5478: checking for ranlib
configure:5494: found /usr/bin/ranlib
configure:5505: result: ranlib
configure:5529: checking for ar
configure:5548: found /usr/bin/ar
configure:5561: result: /usr/bin/ar
configure:5570: checking whether you have a GNU make
configure:5581: result: yes, you do; and we assume you will use it!
configure:5592: checking for C compiler vendor
configure:5650: result: gnu
configure:6837: checking for gcc -std=gnu99 option to produce PIC
configure:6923: result: -fPIC
configure:6943: checking whether C compiler accepts -msse2
configure:6972: gcc -std=gnu99 -c -msse2  conftest.c >&5
configure:6979: $? = 0
configure:6997: result: yes
configure:7015: checking for grep that handles long lines and -e
configure:7075: result: /bin/grep
configure:7080: checking for egrep
configure:7144: result: /bin/grep -E
configure:7149: checking for ANSI C header files
configure:7179: gcc -std=gnu99 -c -g -Wall -msse2  -msse2 conftest.c >&5
configure:7186: $? = 0
configure:7285: gcc -std=gnu99 -o conftest -g -Wall -msse2  -msse2  conftest.c  >&5
configure:7289: $? = 0
configure:7295: ./conftest
configure:7299: $? = 0
configure:7317: result: yes
configure:7341: checking for sys/types.h
configure:7362: gcc -std=gnu99 -c -g -Wall -msse2  -msse2 conftest.c >&5
configure:7369: $? = 0
configure:7386: result: yes
configure:7341: checking for sys/stat.h
configure:7362: gcc -std=gnu99 -c -g -Wall -msse2  -msse2 conftest.c >&5
configure:7369: $? = 0
configure:7386: result: yes
configure:7341: checking for stdlib.h
configure:7362: gcc -std=gnu99 -c -g -Wall -msse2  -msse2 conftest.c >&5
configure:7369: $? = 0
configure:7386: result: yes
configure:7341: checking for string.h
configure:7362: gcc -std=gnu99 -c -g -Wall -msse2  -msse2 conftest.c >&5
configure:7369: $? = 0
configure:7386: result: yes
configure:7341: checking for memory.h
configure:7362: gcc -std=gnu99 -c -g -Wall -msse2  -msse2 conftest.c >&5
configure:7369: $? = 0
configure:7386: result: yes
configure:7341: checking for strings.h
configure:7362: gcc -std=gnu99 -c -g -Wall -msse2  -msse2 conftest.c >&5
configure:7369: $? = 0
configure:7386: result: yes
configure:7341: checking for inttypes.h
configure:7362: gcc -std=gnu99 -c -g -Wall -msse2  -msse2 conftest.c >&5
configure:7369: $? = 0
configure:7386: result: yes
configure:7341: checking for stdint.h
configure:7362: gcc -std=gnu99 -c -g -Wall -msse2  -msse2 conftest.c >&5
configure:7369: $? = 0
configure:7386: result: yes
configure:7341: checking for unistd.h
configure:7362: gcc -std=gnu99 -c -g -Wall -msse2  -msse2 conftest.c >&5
configure:7369: $? = 0
configure:7386: result: yes
configure:7410: checking emmintrin.h usability
configure:7427: gcc -std=gnu99 -c -g -Wall -msse2  -msse2 conftest.c >&5
configure:7434: $? = 0
configure:7448: result: yes
configure:7452: checking emmintrin.h presence
configure:7467: gcc -E  -msse2 conftest.c
configure:7474: $? = 0
configure:7488: result: yes
configure:7521: checking for emmintrin.h
configure:7528: result: yes
configure:7534: checking if platform can run SSE/SSE2 instructions
configure:7566: gcc -std=gnu99 -o conftest -g -Wall -msse2  -msse2  conftest.c  >&5
conftest.c: In function 'main':
conftest.c:42: warning: unused variable 'v'
configure:7570: $? = 0
configure:7576: ./conftest
configure:7580: $? = 0
configure:7582: result: yes
configure:8101: checking for gzip
configure:8119: found /bin/gzip
configure:8132: result: /bin/gzip
configure:8274: checking endian.h usability
configure:8291: gcc -std=gnu99 -c -g -Wall  conftest.c >&5
configure:8298: $? = 0
configure:8312: result: yes
configure:8316: checking endian.h presence
configure:8331: gcc -E  conftest.c
configure:8338: $? = 0
configure:8352: result: yes
configure:8385: checking for endian.h
configure:8394: result: yes
configure:8263: checking for inttypes.h
configure:8270: result: yes
configure:8263: checking for stdint.h
configure:8270: result: yes
configure:8263: checking for unistd.h
configure:8270: result: yes
configure:8263: checking for sys/types.h
configure:8270: result: yes
configure:8263: checking for strings.h
configure:8270: result: yes
configure:8429: checking sys/param.h usability
configure:8446: gcc -std=gnu99 -c -g -Wall  conftest.c >&5
configure:8453: $? = 0
configure:8467: result: yes
configure:8471: checking sys/param.h presence
configure:8486: gcc -E  conftest.c
configure:8493: $? = 0
configure:8507: result: yes
configure:8540: checking for sys/param.h
configure:8549: result: yes
configure:8568: checking for sys/sysctl.h
configure:8592: gcc -std=gnu99 -c -g -Wall  conftest.c >&5
configure:8599: $? = 0
configure:8616: result: yes
configure:8648: checking for emmintrin.h
configure:8655: result: yes
configure:8659: checking pmmintrin.h usability
configure:8676: gcc -std=gnu99 -c -g -Wall  conftest.c >&5
In file included from conftest.c:82:
/usr/lib/gcc/x86_64-redhat-linux/4.4.7/include/pmmintrin.h:32:3: error: #error "SSE3 instruction set not enabled"
configure:8683: $? = 1
configure: failed program was:
| /* confdefs.h.  */
| #define PACKAGE_NAME "Easel"
| #define PACKAGE_TARNAME "easel"
| #define PACKAGE_VERSION "0.2.snap20130225"
| #define PACKAGE_STRING "Easel 0.2.snap20130225"
| #define PACKAGE_BUGREPORT "eddys@janelia.hhmi.org"
| #define EASEL_DATE "February 2013"
| #define EASEL_COPYRIGHT "Copyright (C) 2008 Howard Hughes Medical Institute"
| #define EASEL_LICENSE "Freely distributed under the Janelia Farm Software License."
| #define EASEL_VERSION "0.2.snap20130225"
| #define eslAUGMENT_ALPHABET 1
| #define eslAUGMENT_NCBI 1
| #define eslAUGMENT_DMATRIX 1
| #define eslAUGMENT_FILEPARSER 1
| #define eslAUGMENT_GEV 1
| #define eslAUGMENT_GUMBEL 1
| #define eslAUGMENT_HISTOGRAM 1
| #define eslAUGMENT_KEYHASH 1
| #define eslAUGMENT_MINIMIZER 1
| #define eslAUGMENT_MSA 1
| #define eslAUGMENT_RANDOM 1
| #define eslAUGMENT_SSI 1
| #define eslAUGMENT_STATS 1
| #define eslLIBRARY 1
| #define eslDEBUGLEVEL 1
| #define HAVE_PTHREAD 1
| #define STDC_HEADERS 1
| #define HAVE_SYS_TYPES_H 1
| #define HAVE_SYS_STAT_H 1
| #define HAVE_STDLIB_H 1
| #define HAVE_STRING_H 1
| #define HAVE_MEMORY_H 1
| #define HAVE_STRINGS_H 1
| #define HAVE_INTTYPES_H 1
| #define HAVE_STDINT_H 1
| #define HAVE_UNISTD_H 1
| #define HAVE_SSE2 1
| #define HAVE_GZIP 1
| #define HAVE_ENDIAN_H 1
| #define HAVE_INTTYPES_H 1
| #define HAVE_STDINT_H 1
| #define HAVE_UNISTD_H 1
| #define HAVE_SYS_TYPES_H 1
| #define HAVE_STRINGS_H 1
| #define HAVE_SYS_PARAM_H 1
| #define HAVE_SYS_SYSCTL_H 1
| #define HAVE_EMMINTRIN_H 1
| /* end confdefs.h.  */
| #include <stdio.h>
| #ifdef HAVE_SYS_TYPES_H
| # include <sys/types.h>
| #endif
| #ifdef HAVE_SYS_STAT_H
| # include <sys/stat.h>
| #endif
| #ifdef STDC_HEADERS
| # include <stdlib.h>
| # include <stddef.h>
| #else
| # ifdef HAVE_STDLIB_H
| #  include <stdlib.h>
| # endif
| #endif
| #ifdef HAVE_STRING_H
| # if !defined STDC_HEADERS && defined HAVE_MEMORY_H
| #  include <memory.h>
| # endif
| # include <string.h>
| #endif
| #ifdef HAVE_STRINGS_H
| # include <strings.h>
| #endif
| #ifdef HAVE_INTTYPES_H
| # include <inttypes.h>
| #endif
| #ifdef HAVE_STDINT_H
| # include <stdint.h>
| #endif
| #ifdef HAVE_UNISTD_H
| # include <unistd.h>
| #endif
| #include <pmmintrin.h>
configure:8697: result: no
configure:8701: checking pmmintrin.h presence
configure:8716: gcc -E  conftest.c
In file included from conftest.c:49:
/usr/lib/gcc/x86_64-redhat-linux/4.4.7/include/pmmintrin.h:32:3: error: #error "SSE3 instruction set not enabled"
configure:8723: $? = 1
configure: failed program was:
| /* confdefs.h.  */
| #define PACKAGE_NAME "Easel"
| #define PACKAGE_TARNAME "easel"
| #define PACKAGE_VERSION "0.2.snap20130225"
| #define PACKAGE_STRING "Easel 0.2.snap20130225"
| #define PACKAGE_BUGREPORT "eddys@janelia.hhmi.org"
| #define EASEL_DATE "February 2013"
| #define EASEL_COPYRIGHT "Copyright (C) 2008 Howard Hughes Medical Institute"
| #define EASEL_LICENSE "Freely distributed under the Janelia Farm Software License."
| #define EASEL_VERSION "0.2.snap20130225"
| #define eslAUGMENT_ALPHABET 1
| #define eslAUGMENT_NCBI 1
| #define eslAUGMENT_DMATRIX 1
| #define eslAUGMENT_FILEPARSER 1
| #define eslAUGMENT_GEV 1
| #define eslAUGMENT_GUMBEL 1
| #define eslAUGMENT_HISTOGRAM 1
| #define eslAUGMENT_KEYHASH 1
| #define eslAUGMENT_MINIMIZER 1
| #define eslAUGMENT_MSA 1
| #define eslAUGMENT_RANDOM 1
| #define eslAUGMENT_SSI 1
| #define eslAUGMENT_STATS 1
| #define eslLIBRARY 1
| #define eslDEBUGLEVEL 1
| #define HAVE_PTHREAD 1
| #define STDC_HEADERS 1
| #define HAVE_SYS_TYPES_H 1
| #define HAVE_SYS_STAT_H 1
| #define HAVE_STDLIB_H 1
| #define HAVE_STRING_H 1
| #define HAVE_MEMORY_H 1
| #define HAVE_STRINGS_H 1
| #define HAVE_INTTYPES_H 1
| #define HAVE_STDINT_H 1
| #define HAVE_UNISTD_H 1
| #define HAVE_SSE2 1
| #define HAVE_GZIP 1
| #define HAVE_ENDIAN_H 1
| #define HAVE_INTTYPES_H 1
| #define HAVE_STDINT_H 1
| #define HAVE_UNISTD_H 1
| #define HAVE_SYS_TYPES_H 1
| #define HAVE_STRINGS_H 1
| #define HAVE_SYS_PARAM_H 1
| #define HAVE_SYS_SYSCTL_H 1
| #define HAVE_EMMINTRIN_H 1
| /* end confdefs.h.  */
| #include <pmmintrin.h>
configure:8737: result: no
configure:8770: checking for pmmintrin.h
configure:8779: result: no
configure:8659: checking xmmintrin.h usability
configure:8676: gcc -std=gnu99 -c -g -Wall  conftest.c >&5
configure:8683: $? = 0
configure:8697: result: yes
configure:8701: checking xmmintrin.h presence
configure:8716: gcc -E  conftest.c
configure:8723: $? = 0
configure:8737: result: yes
configure:8770: checking for xmmintrin.h
configure:8779: result: yes
configure:8967: checking whether byte ordering is bigendian
configure:8992: gcc -std=gnu99 -c -g -Wall  conftest.c >&5
conftest.c:51: error: expected '=', ',', ';', 'asm' or '__attribute__' before 'a'
configure:8999: $? = 1
configure: failed program was:
| /* confdefs.h.  */
| #define PACKAGE_NAME "Easel"
| #define PACKAGE_TARNAME "easel"
| #define PACKAGE_VERSION "0.2.snap20130225"
| #define PACKAGE_STRING "Easel 0.2.snap20130225"
| #define PACKAGE_BUGREPORT "eddys@janelia.hhmi.org"
| #define EASEL_DATE "February 2013"
| #define EASEL_COPYRIGHT "Copyright (C) 2008 Howard Hughes Medical Institute"
| #define EASEL_LICENSE "Freely distributed under the Janelia Farm Software License."
| #define EASEL_VERSION "0.2.snap20130225"
| #define eslAUGMENT_ALPHABET 1
| #define eslAUGMENT_NCBI 1
| #define eslAUGMENT_DMATRIX 1
| #define eslAUGMENT_FILEPARSER 1
| #define eslAUGMENT_GEV 1
| #define eslAUGMENT_GUMBEL 1
| #define eslAUGMENT_HISTOGRAM 1
| #define eslAUGMENT_KEYHASH 1
| #define eslAUGMENT_MINIMIZER 1
| #define eslAUGMENT_MSA 1
| #define eslAUGMENT_RANDOM 1
| #define eslAUGMENT_SSI 1
| #define eslAUGMENT_STATS 1
| #define eslLIBRARY 1
| #define eslDEBUGLEVEL 1
| #define HAVE_PTHREAD 1
| #define STDC_HEADERS 1
| #define HAVE_SYS_TYPES_H 1
| #define HAVE_SYS_STAT_H 1
| #define HAVE_STDLIB_H 1
| #define HAVE_STRING_H 1
| #define HAVE_MEMORY_H 1
| #define HAVE_STRINGS_H 1
| #define HAVE_INTTYPES_H 1
| #define HAVE_STDINT_H 1
| #define HAVE_UNISTD_H 1
| #define HAVE_SSE2 1
| #define HAVE_GZIP 1
| #define HAVE_ENDIAN_H 1
| #define HAVE_INTTYPES_H 1
| #define HAVE_STDINT_H 1
| #define HAVE_UNISTD_H 1
| #define HAVE_SYS_TYPES_H 1
| #define HAVE_STRINGS_H 1
| #define HAVE_SYS_PARAM_H 1
| #define HAVE_SYS_SYSCTL_H 1
| #define HAVE_EMMINTRIN_H 1
| #define HAVE_XMMINTRIN_H 1
| /* end confdefs.h.  */
| #ifndef __APPLE_CC__
| 	       not a universal capable compiler
| 	     #endif
| 	     typedef int dummy;
| 
configure:9049: gcc -std=gnu99 -c -g -Wall  conftest.c >&5
configure:9056: $? = 0
configure:9088: gcc -std=gnu99 -c -g -Wall  conftest.c >&5
conftest.c: In function 'main':
conftest.c:57: error: 'not' undeclared (first use in this function)
conftest.c:57: error: (Each undeclared identifier is reported only once
conftest.c:57: error: for each function it appears in.)
conftest.c:57: error: expected ';' before 'big'
configure:9095: $? = 1
configure: failed program was:
| /* confdefs.h.  */
| #define PACKAGE_NAME "Easel"
| #define PACKAGE_TARNAME "easel"
| #define PACKAGE_VERSION "0.2.snap20130225"
| #define PACKAGE_STRING "Easel 0.2.snap20130225"
| #define PACKAGE_BUGREPORT "eddys@janelia.hhmi.org"
| #define EASEL_DATE "February 2013"
| #define EASEL_COPYRIGHT "Copyright (C) 2008 Howard Hughes Medical Institute"
| #define EASEL_LICENSE "Freely distributed under the Janelia Farm Software License."
| #define EASEL_VERSION "0.2.snap20130225"
| #define eslAUGMENT_ALPHABET 1
| #define eslAUGMENT_NCBI 1
| #define eslAUGMENT_DMATRIX 1
| #define eslAUGMENT_FILEPARSER 1
| #define eslAUGMENT_GEV 1
| #define eslAUGMENT_GUMBEL 1
| #define eslAUGMENT_HISTOGRAM 1
| #define eslAUGMENT_KEYHASH 1
| #define eslAUGMENT_MINIMIZER 1
| #define eslAUGMENT_MSA 1
| #define eslAUGMENT_RANDOM 1
| #define eslAUGMENT_SSI 1
| #define eslAUGMENT_STATS 1
| #define eslLIBRARY 1
| #define eslDEBUGLEVEL 1
| #define HAVE_PTHREAD 1
| #define STDC_HEADERS 1
| #define HAVE_SYS_TYPES_H 1
| #define HAVE_SYS_STAT_H 1
| #define HAVE_STDLIB_H 1
| #define HAVE_STRING_H 1
| #define HAVE_MEMORY_H 1
| #define HAVE_STRINGS_H 1
| #define HAVE_INTTYPES_H 1
| #define HAVE_STDINT_H 1
| #define HAVE_UNISTD_H 1
| #define HAVE_SSE2 1
| #define HAVE_GZIP 1
| #define HAVE_ENDIAN_H 1
| #define HAVE_INTTYPES_H 1
| #define HAVE_STDINT_H 1
| #define HAVE_UNISTD_H 1
| #define HAVE_SYS_TYPES_H 1
| #define HAVE_STRINGS_H 1
| #define HAVE_SYS_PARAM_H 1
| #define HAVE_SYS_SYSCTL_H 1
| #define HAVE_EMMINTRIN_H 1
| #define HAVE_XMMINTRIN_H 1
| /* end confdefs.h.  */
| #include <sys/types.h>
| 		#include <sys/param.h>
| 
| int
| main ()
| {
| #if BYTE_ORDER != BIG_ENDIAN
| 		 not big endian
| 		#endif
| 
|   ;
|   return 0;
| }
configure:9347: result: no
configure:9373: checking for int8_t
configure:9404: gcc -std=gnu99 -c -g -Wall  conftest.c >&5
configure:9411: $? = 0
configure:9440: gcc -std=gnu99 -c -g -Wall  conftest.c >&5
conftest.c: In function 'main':
conftest.c:87: error: size of array 'test_array' is negative
configure:9447: $? = 1
configure: failed program was:
| /* confdefs.h.  */
| #define PACKAGE_NAME "Easel"
| #define PACKAGE_TARNAME "easel"
| #define PACKAGE_VERSION "0.2.snap20130225"
| #define PACKAGE_STRING "Easel 0.2.snap20130225"
| #define PACKAGE_BUGREPORT "eddys@janelia.hhmi.org"
| #define EASEL_DATE "February 2013"
| #define EASEL_COPYRIGHT "Copyright (C) 2008 Howard Hughes Medical Institute"
| #define EASEL_LICENSE "Freely distributed under the Janelia Farm Software License."
| #define EASEL_VERSION "0.2.snap20130225"
| #define eslAUGMENT_ALPHABET 1
| #define eslAUGMENT_NCBI 1
| #define eslAUGMENT_DMATRIX 1
| #define eslAUGMENT_FILEPARSER 1
| #define eslAUGMENT_GEV 1
| #define eslAUGMENT_GUMBEL 1
| #define eslAUGMENT_HISTOGRAM 1
| #define eslAUGMENT_KEYHASH 1
| #define eslAUGMENT_MINIMIZER 1
| #define eslAUGMENT_MSA 1
| #define eslAUGMENT_RANDOM 1
| #define eslAUGMENT_SSI 1
| #define eslAUGMENT_STATS 1
| #define eslLIBRARY 1
| #define eslDEBUGLEVEL 1
| #define HAVE_PTHREAD 1
| #define STDC_HEADERS 1
| #define HAVE_SYS_TYPES_H 1
| #define HAVE_SYS_STAT_H 1
| #define HAVE_STDLIB_H 1
| #define HAVE_STRING_H 1
| #define HAVE_MEMORY_H 1
| #define HAVE_STRINGS_H 1
| #define HAVE_INTTYPES_H 1
| #define HAVE_STDINT_H 1
| #define HAVE_UNISTD_H 1
| #define HAVE_SSE2 1
| #define HAVE_GZIP 1
| #define HAVE_ENDIAN_H 1
| #define HAVE_INTTYPES_H 1
| #define HAVE_STDINT_H 1
| #define HAVE_UNISTD_H 1
| #define HAVE_SYS_TYPES_H 1
| #define HAVE_STRINGS_H 1
| #define HAVE_SYS_PARAM_H 1
| #define HAVE_SYS_SYSCTL_H 1
| #define HAVE_EMMINTRIN_H 1
| #define HAVE_XMMINTRIN_H 1
| /* end confdefs.h.  */
| #include <stdio.h>
| #ifdef HAVE_SYS_TYPES_H
| # include <sys/types.h>
| #endif
| #ifdef HAVE_SYS_STAT_H
| # include <sys/stat.h>
| #endif
| #ifdef STDC_HEADERS
| # include <stdlib.h>
| # include <stddef.h>
| #else
| # ifdef HAVE_STDLIB_H
| #  include <stdlib.h>
| # endif
| #endif
| #ifdef HAVE_STRING_H
| # if !defined STDC_HEADERS && defined HAVE_MEMORY_H
| #  include <memory.h>
| # endif
| # include <string.h>
| #endif
| #ifdef HAVE_STRINGS_H
| # include <strings.h>
| #endif
| #ifdef HAVE_INTTYPES_H
| # include <inttypes.h>
| #endif
| #ifdef HAVE_STDINT_H
| # include <stdint.h>
| #endif
| #ifdef HAVE_UNISTD_H
| # include <unistd.h>
| #endif
| int
| main ()
| {
| static int test_array [1 - 2 * !((int8_t) ((((int8_t) 1 << (8 - 2)) - 1) * 2 + 1)
| 		 < (int8_t) ((((int8_t) 1 << (8 - 2)) - 1) * 2 + 2))];
| test_array [0] = 0
| 
|   ;
|   return 0;
| }
configure:9476: result: yes
configure:9489: checking for int16_t
configure:9520: gcc -std=gnu99 -c -g -Wall  conftest.c >&5
configure:9527: $? = 0
configure:9556: gcc -std=gnu99 -c -g -Wall  conftest.c >&5
conftest.c: In function 'main':
conftest.c:87: error: size of array 'test_array' is negative
configure:9563: $? = 1
configure: failed program was:
| /* confdefs.h.  */
| #define PACKAGE_NAME "Easel"
| #define PACKAGE_TARNAME "easel"
| #define PACKAGE_VERSION "0.2.snap20130225"
| #define PACKAGE_STRING "Easel 0.2.snap20130225"
| #define PACKAGE_BUGREPORT "eddys@janelia.hhmi.org"
| #define EASEL_DATE "February 2013"
| #define EASEL_COPYRIGHT "Copyright (C) 2008 Howard Hughes Medical Institute"
| #define EASEL_LICENSE "Freely distributed under the Janelia Farm Software License."
| #define EASEL_VERSION "0.2.snap20130225"
| #define eslAUGMENT_ALPHABET 1
| #define eslAUGMENT_NCBI 1
| #define eslAUGMENT_DMATRIX 1
| #define eslAUGMENT_FILEPARSER 1
| #define eslAUGMENT_GEV 1
| #define eslAUGMENT_GUMBEL 1
| #define eslAUGMENT_HISTOGRAM 1
| #define eslAUGMENT_KEYHASH 1
| #define eslAUGMENT_MINIMIZER 1
| #define eslAUGMENT_MSA 1
| #define eslAUGMENT_RANDOM 1
| #define eslAUGMENT_SSI 1
| #define eslAUGMENT_STATS 1
| #define eslLIBRARY 1
| #define eslDEBUGLEVEL 1
| #define HAVE_PTHREAD 1
| #define STDC_HEADERS 1
| #define HAVE_SYS_TYPES_H 1
| #define HAVE_SYS_STAT_H 1
| #define HAVE_STDLIB_H 1
| #define HAVE_STRING_H 1
| #define HAVE_MEMORY_H 1
| #define HAVE_STRINGS_H 1
| #define HAVE_INTTYPES_H 1
| #define HAVE_STDINT_H 1
| #define HAVE_UNISTD_H 1
| #define HAVE_SSE2 1
| #define HAVE_GZIP 1
| #define HAVE_ENDIAN_H 1
| #define HAVE_INTTYPES_H 1
| #define HAVE_STDINT_H 1
| #define HAVE_UNISTD_H 1
| #define HAVE_SYS_TYPES_H 1
| #define HAVE_STRINGS_H 1
| #define HAVE_SYS_PARAM_H 1
| #define HAVE_SYS_SYSCTL_H 1
| #define HAVE_EMMINTRIN_H 1
| #define HAVE_XMMINTRIN_H 1
| /* end confdefs.h.  */
| #include <stdio.h>
| #ifdef HAVE_SYS_TYPES_H
| # include <sys/types.h>
| #endif
| #ifdef HAVE_SYS_STAT_H
| # include <sys/stat.h>
| #endif
| #ifdef STDC_HEADERS
| # include <stdlib.h>
| # include <stddef.h>
| #else
| # ifdef HAVE_STDLIB_H
| #  include <stdlib.h>
| # endif
| #endif
| #ifdef HAVE_STRING_H
| # if !defined STDC_HEADERS && defined HAVE_MEMORY_H
| #  include <memory.h>
| # endif
| # include <string.h>
| #endif
| #ifdef HAVE_STRINGS_H
| # include <strings.h>
| #endif
| #ifdef HAVE_INTTYPES_H
| # include <inttypes.h>
| #endif
| #ifdef HAVE_STDINT_H
| # include <stdint.h>
| #endif
| #ifdef HAVE_UNISTD_H
| # include <unistd.h>
| #endif
| int
| main ()
| {
| static int test_array [1 - 2 * !((int16_t) ((((int16_t) 1 << (16 - 2)) - 1) * 2 + 1)
| 		 < (int16_t) ((((int16_t) 1 << (16 - 2)) - 1) * 2 + 2))];
| test_array [0] = 0
| 
|   ;
|   return 0;
| }
configure:9592: result: yes
configure:9605: checking for int32_t
configure:9636: gcc -std=gnu99 -c -g -Wall  conftest.c >&5
configure:9643: $? = 0
configure:9672: gcc -std=gnu99 -c -g -Wall  conftest.c >&5
conftest.c: In function 'main':
conftest.c:87: warning: integer overflow in expression
conftest.c:87: error: size of array 'test_array' is negative
configure:9679: $? = 1
configure: failed program was:
| /* confdefs.h.  */
| #define PACKAGE_NAME "Easel"
| #define PACKAGE_TARNAME "easel"
| #define PACKAGE_VERSION "0.2.snap20130225"
| #define PACKAGE_STRING "Easel 0.2.snap20130225"
| #define PACKAGE_BUGREPORT "eddys@janelia.hhmi.org"
| #define EASEL_DATE "February 2013"
| #define EASEL_COPYRIGHT "Copyright (C) 2008 Howard Hughes Medical Institute"
| #define EASEL_LICENSE "Freely distributed under the Janelia Farm Software License."
| #define EASEL_VERSION "0.2.snap20130225"
| #define eslAUGMENT_ALPHABET 1
| #define eslAUGMENT_NCBI 1
| #define eslAUGMENT_DMATRIX 1
| #define eslAUGMENT_FILEPARSER 1
| #define eslAUGMENT_GEV 1
| #define eslAUGMENT_GUMBEL 1
| #define eslAUGMENT_HISTOGRAM 1
| #define eslAUGMENT_KEYHASH 1
| #define eslAUGMENT_MINIMIZER 1
| #define eslAUGMENT_MSA 1
| #define eslAUGMENT_RANDOM 1
| #define eslAUGMENT_SSI 1
| #define eslAUGMENT_STATS 1
| #define eslLIBRARY 1
| #define eslDEBUGLEVEL 1
| #define HAVE_PTHREAD 1
| #define STDC_HEADERS 1
| #define HAVE_SYS_TYPES_H 1
| #define HAVE_SYS_STAT_H 1
| #define HAVE_STDLIB_H 1
| #define HAVE_STRING_H 1
| #define HAVE_MEMORY_H 1
| #define HAVE_STRINGS_H 1
| #define HAVE_INTTYPES_H 1
| #define HAVE_STDINT_H 1
| #define HAVE_UNISTD_H 1
| #define HAVE_SSE2 1
| #define HAVE_GZIP 1
| #define HAVE_ENDIAN_H 1
| #define HAVE_INTTYPES_H 1
| #define HAVE_STDINT_H 1
| #define HAVE_UNISTD_H 1
| #define HAVE_SYS_TYPES_H 1
| #define HAVE_STRINGS_H 1
| #define HAVE_SYS_PARAM_H 1
| #define HAVE_SYS_SYSCTL_H 1
| #define HAVE_EMMINTRIN_H 1
| #define HAVE_XMMINTRIN_H 1
| /* end confdefs.h.  */
| #include <stdio.h>
| #ifdef HAVE_SYS_TYPES_H
| # include <sys/types.h>
| #endif
| #ifdef HAVE_SYS_STAT_H
| # include <sys/stat.h>
| #endif
| #ifdef STDC_HEADERS
| # include <stdlib.h>
| # include <stddef.h>
| #else
| # ifdef HAVE_STDLIB_H
| #  include <stdlib.h>
| # endif
| #endif
| #ifdef HAVE_STRING_H
| # if !defined STDC_HEADERS && defined HAVE_MEMORY_H
| #  include <memory.h>
| # endif
| # include <string.h>
| #endif
| #ifdef HAVE_STRINGS_H
| # include <strings.h>
| #endif
| #ifdef HAVE_INTTYPES_H
| # include <inttypes.h>
| #endif
| #ifdef HAVE_STDINT_H
| # include <stdint.h>
| #endif
| #ifdef HAVE_UNISTD_H
| # include <unistd.h>
| #endif
| int
| main ()
| {
| static int test_array [1 - 2 * !((int32_t) ((((int32_t) 1 << (32 - 2)) - 1) * 2 + 1)
| 		 < (int32_t) ((((int32_t) 1 << (32 - 2)) - 1) * 2 + 2))];
| test_array [0] = 0
| 
|   ;
|   return 0;
| }
configure:9708: result: yes
configure:9721: checking for int64_t
configure:9752: gcc -std=gnu99 -c -g -Wall  conftest.c >&5
configure:9759: $? = 0
configure:9788: gcc -std=gnu99 -c -g -Wall  conftest.c >&5
conftest.c: In function 'main':
conftest.c:87: warning: integer overflow in expression
conftest.c:87: error: size of array 'test_array' is negative
configure:9795: $? = 1
configure: failed program was:
| /* confdefs.h.  */
| #define PACKAGE_NAME "Easel"
| #define PACKAGE_TARNAME "easel"
| #define PACKAGE_VERSION "0.2.snap20130225"
| #define PACKAGE_STRING "Easel 0.2.snap20130225"
| #define PACKAGE_BUGREPORT "eddys@janelia.hhmi.org"
| #define EASEL_DATE "February 2013"
| #define EASEL_COPYRIGHT "Copyright (C) 2008 Howard Hughes Medical Institute"
| #define EASEL_LICENSE "Freely distributed under the Janelia Farm Software License."
| #define EASEL_VERSION "0.2.snap20130225"
| #define eslAUGMENT_ALPHABET 1
| #define eslAUGMENT_NCBI 1
| #define eslAUGMENT_DMATRIX 1
| #define eslAUGMENT_FILEPARSER 1
| #define eslAUGMENT_GEV 1
| #define eslAUGMENT_GUMBEL 1
| #define eslAUGMENT_HISTOGRAM 1
| #define eslAUGMENT_KEYHASH 1
| #define eslAUGMENT_MINIMIZER 1
| #define eslAUGMENT_MSA 1
| #define eslAUGMENT_RANDOM 1
| #define eslAUGMENT_SSI 1
| #define eslAUGMENT_STATS 1
| #define eslLIBRARY 1
| #define eslDEBUGLEVEL 1
| #define HAVE_PTHREAD 1
| #define STDC_HEADERS 1
| #define HAVE_SYS_TYPES_H 1
| #define HAVE_SYS_STAT_H 1
| #define HAVE_STDLIB_H 1
| #define HAVE_STRING_H 1
| #define HAVE_MEMORY_H 1
| #define HAVE_STRINGS_H 1
| #define HAVE_INTTYPES_H 1
| #define HAVE_STDINT_H 1
| #define HAVE_UNISTD_H 1
| #define HAVE_SSE2 1
| #define HAVE_GZIP 1
| #define HAVE_ENDIAN_H 1
| #define HAVE_INTTYPES_H 1
| #define HAVE_STDINT_H 1
| #define HAVE_UNISTD_H 1
| #define HAVE_SYS_TYPES_H 1
| #define HAVE_STRINGS_H 1
| #define HAVE_SYS_PARAM_H 1
| #define HAVE_SYS_SYSCTL_H 1
| #define HAVE_EMMINTRIN_H 1
| #define HAVE_XMMINTRIN_H 1
| /* end confdefs.h.  */
| #include <stdio.h>
| #ifdef HAVE_SYS_TYPES_H
| # include <sys/types.h>
| #endif
| #ifdef HAVE_SYS_STAT_H
| # include <sys/stat.h>
| #endif
| #ifdef STDC_HEADERS
| # include <stdlib.h>
| # include <stddef.h>
| #else
| # ifdef HAVE_STDLIB_H
| #  include <stdlib.h>
| # endif
| #endif
| #ifdef HAVE_STRING_H
| # if !defined STDC_HEADERS && defined HAVE_MEMORY_H
| #  include <memory.h>
| # endif
| # include <string.h>
| #endif
| #ifdef HAVE_STRINGS_H
| # include <strings.h>
| #endif
| #ifdef HAVE_INTTYPES_H
| # include <inttypes.h>
| #endif
| #ifdef HAVE_STDINT_H
| # include <stdint.h>
| #endif
| #ifdef HAVE_UNISTD_H
| # include <unistd.h>
| #endif
| int
| main ()
| {
| static int test_array [1 - 2 * !((int64_t) ((((int64_t) 1 << (64 - 2)) - 1) * 2 + 1)
| 		 < (int64_t) ((((int64_t) 1 << (64 - 2)) - 1) * 2 + 2))];
| test_array [0] = 0
| 
|   ;
|   return 0;
| }
configure:9824: result: yes
configure:9837: checking for uint8_t
configure:9868: gcc -std=gnu99 -c -g -Wall  conftest.c >&5
configure:9875: $? = 0
configure:9896: result: yes
configure:9914: checking for uint16_t
configure:9945: gcc -std=gnu99 -c -g -Wall  conftest.c >&5
configure:9952: $? = 0
configure:9973: result: yes
configure:9987: checking for uint32_t
configure:10018: gcc -std=gnu99 -c -g -Wall  conftest.c >&5
configure:10025: $? = 0
configure:10046: result: yes
configure:10064: checking for uint64_t
configure:10095: gcc -std=gnu99 -c -g -Wall  conftest.c >&5
configure:10102: $? = 0
configure:10123: result: yes
configure:10140: checking for off_t
configure:10168: gcc -std=gnu99 -c -g -Wall  conftest.c >&5
configure:10175: $? = 0
configure:10202: gcc -std=gnu99 -c -g -Wall  conftest.c >&5
conftest.c: In function 'main':
conftest.c:86: error: expected expression before ')' token
configure:10209: $? = 1
configure: failed program was:
| /* confdefs.h.  */
| #define PACKAGE_NAME "Easel"
| #define PACKAGE_TARNAME "easel"
| #define PACKAGE_VERSION "0.2.snap20130225"
| #define PACKAGE_STRING "Easel 0.2.snap20130225"
| #define PACKAGE_BUGREPORT "eddys@janelia.hhmi.org"
| #define EASEL_DATE "February 2013"
| #define EASEL_COPYRIGHT "Copyright (C) 2008 Howard Hughes Medical Institute"
| #define EASEL_LICENSE "Freely distributed under the Janelia Farm Software License."
| #define EASEL_VERSION "0.2.snap20130225"
| #define eslAUGMENT_ALPHABET 1
| #define eslAUGMENT_NCBI 1
| #define eslAUGMENT_DMATRIX 1
| #define eslAUGMENT_FILEPARSER 1
| #define eslAUGMENT_GEV 1
| #define eslAUGMENT_GUMBEL 1
| #define eslAUGMENT_HISTOGRAM 1
| #define eslAUGMENT_KEYHASH 1
| #define eslAUGMENT_MINIMIZER 1
| #define eslAUGMENT_MSA 1
| #define eslAUGMENT_RANDOM 1
| #define eslAUGMENT_SSI 1
| #define eslAUGMENT_STATS 1
| #define eslLIBRARY 1
| #define eslDEBUGLEVEL 1
| #define HAVE_PTHREAD 1
| #define STDC_HEADERS 1
| #define HAVE_SYS_TYPES_H 1
| #define HAVE_SYS_STAT_H 1
| #define HAVE_STDLIB_H 1
| #define HAVE_STRING_H 1
| #define HAVE_MEMORY_H 1
| #define HAVE_STRINGS_H 1
| #define HAVE_INTTYPES_H 1
| #define HAVE_STDINT_H 1
| #define HAVE_UNISTD_H 1
| #define HAVE_SSE2 1
| #define HAVE_GZIP 1
| #define HAVE_ENDIAN_H 1
| #define HAVE_INTTYPES_H 1
| #define HAVE_STDINT_H 1
| #define HAVE_UNISTD_H 1
| #define HAVE_SYS_TYPES_H 1
| #define HAVE_STRINGS_H 1
| #define HAVE_SYS_PARAM_H 1
| #define HAVE_SYS_SYSCTL_H 1
| #define HAVE_EMMINTRIN_H 1
| #define HAVE_XMMINTRIN_H 1
| /* end confdefs.h.  */
| #include <stdio.h>
| #ifdef HAVE_SYS_TYPES_H
| # include <sys/types.h>
| #endif
| #ifdef HAVE_SYS_STAT_H
| # include <sys/stat.h>
| #endif
| #ifdef STDC_HEADERS
| # include <stdlib.h>
| # include <stddef.h>
| #else
| # ifdef HAVE_STDLIB_H
| #  include <stdlib.h>
| # endif
| #endif
| #ifdef HAVE_STRING_H
| # if !defined STDC_HEADERS && defined HAVE_MEMORY_H
| #  include <memory.h>
| # endif
| # include <string.h>
| #endif
| #ifdef HAVE_STRINGS_H
| # include <strings.h>
| #endif
| #ifdef HAVE_INTTYPES_H
| # include <inttypes.h>
| #endif
| #ifdef HAVE_STDINT_H
| # include <stdint.h>
| #endif
| #ifdef HAVE_UNISTD_H
| # include <unistd.h>
| #endif
| int
| main ()
| {
| if (sizeof ((off_t)))
| 	  return 0;
|   ;
|   return 0;
| }
configure:10232: result: yes
configure:10255: checking for mkstemp
configure:10311: gcc -std=gnu99 -o conftest -g -Wall   conftest.c  >&5
configure:10318: $? = 0
configure:10340: result: yes
configure:10356: checking for popen
configure:10412: gcc -std=gnu99 -o conftest -g -Wall   conftest.c  >&5
configure:10419: $? = 0
configure:10441: result: yes
configure:10457: checking for putenv
configure:10513: gcc -std=gnu99 -o conftest -g -Wall   conftest.c  >&5
configure:10520: $? = 0
configure:10542: result: yes
configure:10558: checking for strcasecmp
configure:10614: gcc -std=gnu99 -o conftest -g -Wall   conftest.c  >&5
conftest.c:76: warning: conflicting types for built-in function 'strcasecmp'
configure:10621: $? = 0
configure:10643: result: yes
configure:10659: checking for times
configure:10715: gcc -std=gnu99 -o conftest -g -Wall   conftest.c  >&5
configure:10722: $? = 0
configure:10744: result: yes
configure:10760: checking for getpid
configure:10816: gcc -std=gnu99 -o conftest -g -Wall   conftest.c  >&5
configure:10823: $? = 0
configure:10845: result: yes
configure:10861: checking for sysctl
configure:10917: gcc -std=gnu99 -o conftest -g -Wall   conftest.c  >&5
configure:10924: $? = 0
configure:10946: result: yes
configure:10962: checking for sysconf
configure:11018: gcc -std=gnu99 -o conftest -g -Wall   conftest.c  >&5
configure:11025: $? = 0
configure:11047: result: yes
configure:11063: checking for getcwd
configure:11119: gcc -std=gnu99 -o conftest -g -Wall   conftest.c  >&5
configure:11126: $? = 0
configure:11148: result: yes
configure:11164: checking for chmod
configure:11220: gcc -std=gnu99 -o conftest -g -Wall   conftest.c  >&5
configure:11227: $? = 0
configure:11249: result: yes
configure:11265: checking for stat
configure:11321: gcc -std=gnu99 -o conftest -g -Wall   conftest.c  >&5
configure:11328: $? = 0
configure:11350: result: yes
configure:11366: checking for fstat
configure:11422: gcc -std=gnu99 -o conftest -g -Wall   conftest.c  >&5
configure:11429: $? = 0
configure:11451: result: yes
configure:11463: checking for _LARGEFILE_SOURCE value needed for large files
configure:11492: gcc -std=gnu99 -o conftest -g -Wall   conftest.c  >&5
configure:11499: $? = 0
configure:11572: result: no
configure:11604: checking for special C compiler options needed for large files
configure:11699: result: no
configure:11705: checking for _FILE_OFFSET_BITS value needed for large files
configure:11740: gcc -std=gnu99 -c -g -Wall  conftest.c >&5
configure:11747: $? = 0
configure:11816: result: no
configure:12075: creating ./config.status

## ---------------------- ##
## Running config.status. ##
## ---------------------- ##

This file was extended by Easel config.status 0.2.snap20130225, which was
generated by GNU Autoconf 2.63.  Invocation command line was

  CONFIG_FILES    = 
  CONFIG_HEADERS  = 
  CONFIG_LINKS    = 
  CONFIG_COMMANDS = 
  $ ./config.status 

on ocean.gps.caltech.edu

config.status:801: creating miniapps/Makefile
config.status:801: creating testsuite/Makefile
config.status:801: creating Makefile
config.status:801: creating LICENSE.sh
config.status:801: creating esl_config.h

## ---------------- ##
## Cache variables. ##
## ---------------- ##

ac_cv_build=x86_64-unknown-linux-gnu
ac_cv_c_bigendian=no
ac_cv_c_compiler_gnu=yes
ac_cv_c_int16_t=yes
ac_cv_c_int32_t=yes
ac_cv_c_int64_t=yes
ac_cv_c_int8_t=yes
ac_cv_c_uint16_t=yes
ac_cv_c_uint32_t=yes
ac_cv_c_uint64_t=yes
ac_cv_c_uint8_t=yes
ac_cv_env_CC_set=
ac_cv_env_CC_value=
ac_cv_env_CFLAGS_set=
ac_cv_env_CFLAGS_value=
ac_cv_env_CPPFLAGS_set=
ac_cv_env_CPPFLAGS_value=
ac_cv_env_CPP_set=
ac_cv_env_CPP_value=
ac_cv_env_LDFLAGS_set=
ac_cv_env_LDFLAGS_value=
ac_cv_env_LIBS_set=
ac_cv_env_LIBS_value=
ac_cv_env_MPICC_set=
ac_cv_env_MPICC_value=
ac_cv_env_PIC_FLAGS_set=
ac_cv_env_PIC_FLAGS_value=
ac_cv_env_build_alias_set=
ac_cv_env_build_alias_value=
ac_cv_env_host_alias_set=
ac_cv_env_host_alias_value=
ac_cv_env_target_alias_set=
ac_cv_env_target_alias_value=
ac_cv_func_chmod=yes
ac_cv_func_fstat=yes
ac_cv_func_getcwd=yes
ac_cv_func_getpid=yes
ac_cv_func_mkstemp=yes
ac_cv_func_popen=yes
ac_cv_func_putenv=yes
ac_cv_func_stat=yes
ac_cv_func_strcasecmp=yes
ac_cv_func_sysconf=yes
ac_cv_func_sysctl=yes
ac_cv_func_times=yes
ac_cv_header_emmintrin_h=yes
ac_cv_header_endian_h=yes
ac_cv_header_inttypes_h=yes
ac_cv_header_memory_h=yes
ac_cv_header_pmmintrin_h=no
ac_cv_header_stdc=yes
ac_cv_header_stdint_h=yes
ac_cv_header_stdlib_h=yes
ac_cv_header_string_h=yes
ac_cv_header_strings_h=yes
ac_cv_header_sys_param_h=yes
ac_cv_header_sys_stat_h=yes
ac_cv_header_sys_sysctl_h=yes
ac_cv_header_sys_types_h=yes
ac_cv_header_unistd_h=yes
ac_cv_header_xmmintrin_h=yes
ac_cv_host=x86_64-unknown-linux-gnu
ac_cv_objext=o
ac_cv_path_AR=/usr/bin/ar
ac_cv_path_EGREP='/bin/grep -E'
ac_cv_path_GREP=/bin/grep
ac_cv_path_HAVE_GZIP=/bin/gzip
ac_cv_path_install='/usr/bin/install -c'
ac_cv_prog_CPP='gcc -E'
ac_cv_prog_PTHREAD_CC=gcc
ac_cv_prog_ac_ct_CC=gcc
ac_cv_prog_ac_ct_RANLIB=ranlib
ac_cv_prog_cc_c89=
ac_cv_prog_cc_c99=-std=gnu99
ac_cv_prog_cc_g=yes
ac_cv_prog_cc_stdc=-std=gnu99
ac_cv_sys_file_offset_bits=no
ac_cv_sys_largefile_CC=no
ac_cv_sys_largefile_source=no
ac_cv_type_off_t=yes
ax_cv_c_compiler_vendor=gnu
ax_cv_c_flags__msse2=yes

## ----------------- ##
## Output variables. ##
## ----------------- ##

AR='/usr/bin/ar'
CC='gcc -std=gnu99'
CFLAGS='-g -Wall'
CPP='gcc -E'
CPPFLAGS=''
DEFS='-DHAVE_CONFIG_H'
EASEL_COPYRIGHT='Copyright (C) 2008 Howard Hughes Medical Institute'
EASEL_DATE='February 2013'
EASEL_LICENSE='Freely distributed under the Janelia Farm Software License.'
EASEL_URL='http://easel.janelia.org/'
EASEL_VERSION='0.2.snap20130225'
ECHO_C=''
ECHO_N='-n'
ECHO_T=''
EGREP='/bin/grep -E'
EXEC_DEPENDENCY='%: %.o'
EXEEXT=''
GREP='/bin/grep'
HAVE_GZIP='/bin/gzip'
INSTALL_DATA='${INSTALL} -m 644'
INSTALL_PROGRAM='${INSTALL}'
INSTALL_SCRIPT='${INSTALL}'
LDFLAGS=''
LIBGSL=''
LIBOBJS=''
LIBS=''
LTLIBOBJS=''
MPICC=''
MPILIBS=''
OBJEXT='o'
PACKAGE_BUGREPORT='eddys@janelia.hhmi.org'
PACKAGE_NAME='Easel'
PACKAGE_STRING='Easel 0.2.snap20130225'
PACKAGE_TARNAME='easel'
PACKAGE_VERSION='0.2.snap20130225'
PATH_SEPARATOR=':'
PIC_FLAGS='-fPIC'
PRTDIAG=''
PTHREAD_CC='gcc'
PTHREAD_CFLAGS='-pthread'
PTHREAD_LIBS=''
RANLIB='ranlib'
SED=''
SHELL='/bin/sh'
SIMD_CFLAGS='-msse2'
ac_ct_CC='gcc'
acx_pthread_config=''
bindir='${exec_prefix}/bin'
build='x86_64-unknown-linux-gnu'
build_alias=''
build_cpu='x86_64'
build_os='linux-gnu'
build_vendor='unknown'
datadir='${datarootdir}'
datarootdir='${prefix}/share'
docdir='${datarootdir}/doc/${PACKAGE_TARNAME}'
dvidir='${docdir}'
exec_prefix='${prefix}'
host='x86_64-unknown-linux-gnu'
host_alias=''
host_cpu='x86_64'
host_os='linux-gnu'
host_vendor='unknown'
htmldir='${docdir}'
includedir='${prefix}/include'
infodir='${datarootdir}/info'
libdir='${exec_prefix}/lib'
libexecdir='${exec_prefix}/libexec'
localedir='${datarootdir}/locale'
localstatedir='${prefix}/var'
mandir='${datarootdir}/man'
oldincludedir='/usr/include'
pdfdir='${docdir}'
prefix='/home/cts/local/ncmsa/easel'
program_transform_name='s,x,x,'
psdir='${docdir}'
sbindir='${exec_prefix}/sbin'
sharedstatedir='${prefix}/com'
sysconfdir='${prefix}/etc'
target_alias=''

## ----------- ##
## confdefs.h. ##
## ----------- ##

#define PACKAGE_NAME "Easel"
#define PACKAGE_TARNAME "easel"
#define PACKAGE_VERSION "0.2.snap20130225"
#define PACKAGE_STRING "Easel 0.2.snap20130225"
#define PACKAGE_BUGREPORT "eddys@janelia.hhmi.org"
#define EASEL_DATE "February 2013"
#define EASEL_COPYRIGHT "Copyright (C) 2008 Howard Hughes Medical Institute"
#define EASEL_LICENSE "Freely distributed under the Janelia Farm Software License."
#define EASEL_VERSION "0.2.snap20130225"
#define eslAUGMENT_ALPHABET 1
#define eslAUGMENT_NCBI 1
#define eslAUGMENT_DMATRIX 1
#define eslAUGMENT_FILEPARSER 1
#define eslAUGMENT_GEV 1
#define eslAUGMENT_GUMBEL 1
#define eslAUGMENT_HISTOGRAM 1
#define eslAUGMENT_KEYHASH 1
#define eslAUGMENT_MINIMIZER 1
#define eslAUGMENT_MSA 1
#define eslAUGMENT_RANDOM 1
#define eslAUGMENT_SSI 1
#define eslAUGMENT_STATS 1
#define eslLIBRARY 1
#define eslDEBUGLEVEL 1
#define HAVE_PTHREAD 1
#define STDC_HEADERS 1
#define HAVE_SYS_TYPES_H 1
#define HAVE_SYS_STAT_H 1
#define HAVE_STDLIB_H 1
#define HAVE_STRING_H 1
#define HAVE_MEMORY_H 1
#define HAVE_STRINGS_H 1
#define HAVE_INTTYPES_H 1
#define HAVE_STDINT_H 1
#define HAVE_UNISTD_H 1
#define HAVE_SSE2 1
#define HAVE_GZIP 1
#define HAVE_ENDIAN_H 1
#define HAVE_INTTYPES_H 1
#define HAVE_STDINT_H 1
#define HAVE_UNISTD_H 1
#define HAVE_SYS_TYPES_H 1
#define HAVE_STRINGS_H 1
#define HAVE_SYS_PARAM_H 1
#define HAVE_SYS_SYSCTL_H 1
#define HAVE_EMMINTRIN_H 1
#define HAVE_XMMINTRIN_H 1
#define HAVE_MKSTEMP 1
#define HAVE_POPEN 1
#define HAVE_PUTENV 1
#define HAVE_STRCASECMP 1
#define HAVE_TIMES 1
#define HAVE_GETPID 1
#define HAVE_SYSCTL 1
#define HAVE_SYSCONF 1
#define HAVE_GETCWD 1
#define HAVE_CHMOD 1
#define HAVE_STAT 1
#define HAVE_FSTAT 1
#define HAVE_FSEEKO 1

configure: exit 0
